<?xml version="1.0"?>
<ns2:test-suite xmlns="" xmlns:ns2="urn:model.allure.qatools.yandex.ru" start="1575184088822" stop="1575184114225">
  <name>Search for a term in google search</name>
  <title>Search for a term in google search</title>
  <test-cases>
    <test-case start="1575184090185" stop="1575184114153" status="failed">
      <name>Single term serach</name>
      <title>Single term serach</title>
      <failure>
        <message>no such element: Unable to locate element: {"method":"css selector","selector":"*[name='bthK']"}
  (Session info: chrome=78.0.3904.108)</message>
        <stack-trace>0   chromedriver                        0x000000010ce30fd9 chromedriver + 3747801&#xD;
1   chromedriver                        0x000000010cdc5613 chromedriver + 3307027&#xD;
2   chromedriver                        0x000000010cb5510f chromedriver + 749839&#xD;
3   chromedriver                        0x000000010cac1d51 chromedriver + 146769&#xD;
4   chromedriver                        0x000000010caec9b7 chromedriver + 321975&#xD;
5   chromedriver                        0x000000010cade49d chromedriver + 263325&#xD;
6   chromedriver                        0x000000010caeab3b chromedriver + 314171&#xD;
7   chromedriver                        0x000000010cade763 chromedriver + 264035&#xD;
8   chromedriver                        0x000000010cab8c0d chromedriver + 109581&#xD;
9   chromedriver                        0x000000010cab9ba5 chromedriver + 113573&#xD;
10  chromedriver                        0x000000010cdf40bf chromedriver + 3498175&#xD;
11  chromedriver                        0x000000010ce00cbd chromedriver + 3550397&#xD;
12  chromedriver                        0x000000010ce00a48 chromedriver + 3549768&#xD;
13  chromedriver                        0x000000010cdd3169 chromedriver + 3363177&#xD;
14  chromedriver                        0x000000010ce01518 chromedriver + 3552536&#xD;
15  chromedriver                        0x000000010cde7b77 chromedriver + 3447671&#xD;
16  chromedriver                        0x000000010ce170d4 chromedriver + 3641556&#xD;
17  chromedriver                        0x000000010ce36dc7 chromedriver + 3771847&#xD;
18  libsystem_pthread.dylib             0x00007fff5cc042eb _pthread_body + 126&#xD;
19  libsystem_pthread.dylib             0x00007fff5cc07249 _pthread_start + 66&#xD;
20  libsystem_pthread.dylib             0x00007fff5cc0340d thread_start + 13&#xD;
./features/libraries/driver.rb:79:in `find_element'&#xD;
./features/libraries/driver.rb:139:in `scroll_to_locator'&#xD;
./features/libraries/locator.rb:106:in `scroll_to_locator'&#xD;
./features/pages/googleSearch.rb:11:in `enter_text_and_search'&#xD;
./features/step_definitions/googleSearch.rb:19:in `"I type the term in google search bar and click on serach results"'&#xD;
features/feature/googleSearch.feature:8:in `When I type the term in google search bar and click on serach results'</stack-trace>
      </failure>
      <steps>
        <step start="1575184092772" stop="1575184092772" status="passed">
          <name>Given I navigate to google search page</name>
          <title>Given I navigate to google search page</title>
          <attachments/>
        </step>
        <step start="1575184092774" stop="1575184114131" status="failed">
          <name>When I type the term in google search bar and click on serach results</name>
          <title>When I type the term in google search bar and click on serach results</title>
          <attachments/>
        </step>
        <step start="1575184114134" stop="1575184114134" status="canceled">
          <name>Then I should get the results page</name>
          <title>Then I should get the results page</title>
          <attachments/>
        </step>
      </steps>
      <attachments/>
      <labels>
        <label name="severity" value="normal"/>
        <label name="thread" value="70309936049680"/>
        <label name="host" value="Naresh-Sekar"/>
        <label name="feature" value="Search for a term in google search"/>
        <label name="story" value="Single term serach"/>
      </labels>
      <parameters/>
    </test-case>
    <test-case start="1575184114211" stop="1575184114222" status="failed">
      <name>Multiple search items in google using scenario outline: Hello</name>
      <title>Multiple search items in google using scenario outline: Hello</title>
      <failure>
        <message>undefined method `get' for nil:NilClass
Did you mean?  gem</message>
        <stack-trace>./features/step_definitions/googleSearch.rb:15:in `"I navigate to google search page"'&#xD;
features/feature/googleSearch.feature:27:in `Given I navigate to google search page'
features/feature/googleSearch.feature:13:in `Given I navigate to google search page'</stack-trace>
      </failure>
      <steps>
        <step start="1575184114212" stop="1575184114212" status="failed">
          <name>Given I navigate to google search page</name>
          <title>Given I navigate to google search page</title>
          <attachments/>
        </step>
        <step start="1575184114219" stop="1575184114219" status="canceled">
          <name>When I type the "Hello" in google search bar and click on serach results</name>
          <title>When I type the "Hello" in google search bar and click on serach results</title>
          <attachments/>
        </step>
        <step start="1575184114220" stop="1575184114220" status="canceled">
          <name>Then I should get the results page</name>
          <title>Then I should get the results page</title>
          <attachments/>
        </step>
      </steps>
      <attachments/>
      <labels>
        <label name="severity" value="normal"/>
        <label name="thread" value="70309936049680"/>
        <label name="host" value="Naresh-Sekar"/>
        <label name="feature" value="Search for a term in google search"/>
        <label name="story" value="Multiple search items in google using scenario outline: Hello"/>
      </labels>
      <parameters/>
    </test-case>
    <test-case start="1575184114191" stop="1575184114197" status="failed">
      <name>Multiple search items in google using scenario outline: Hi</name>
      <title>Multiple search items in google using scenario outline: Hi</title>
      <failure>
        <message>undefined method `get' for nil:NilClass
Did you mean?  gem</message>
        <stack-trace>./features/step_definitions/googleSearch.rb:15:in `"I navigate to google search page"'&#xD;
features/feature/googleSearch.feature:21:in `Given I navigate to google search page'
features/feature/googleSearch.feature:13:in `Given I navigate to google search page'</stack-trace>
      </failure>
      <steps>
        <step start="1575184114192" stop="1575184114193" status="failed">
          <name>Given I navigate to google search page</name>
          <title>Given I navigate to google search page</title>
          <attachments/>
        </step>
        <step start="1575184114194" stop="1575184114195" status="canceled">
          <name>When I type the "Hi" in google search bar and click on serach results</name>
          <title>When I type the "Hi" in google search bar and click on serach results</title>
          <attachments/>
        </step>
        <step start="1575184114195" stop="1575184114196" status="canceled">
          <name>Then I should get the results page</name>
          <title>Then I should get the results page</title>
          <attachments/>
        </step>
      </steps>
      <attachments/>
      <labels>
        <label name="severity" value="normal"/>
        <label name="thread" value="70309936049680"/>
        <label name="host" value="Naresh-Sekar"/>
        <label name="feature" value="Search for a term in google search"/>
        <label name="story" value="Multiple search items in google using scenario outline: Hi"/>
      </labels>
      <parameters/>
    </test-case>
    <test-case start="1575184114201" stop="1575184114205" status="failed">
      <name>Multiple search items in google using scenario outline: Where</name>
      <title>Multiple search items in google using scenario outline: Where</title>
      <failure>
        <message>undefined method `get' for nil:NilClass
Did you mean?  gem</message>
        <stack-trace>./features/step_definitions/googleSearch.rb:15:in `"I navigate to google search page"'&#xD;
features/feature/googleSearch.feature:22:in `Given I navigate to google search page'
features/feature/googleSearch.feature:13:in `Given I navigate to google search page'</stack-trace>
      </failure>
      <steps>
        <step start="1575184114202" stop="1575184114202" status="failed">
          <name>Given I navigate to google search page</name>
          <title>Given I navigate to google search page</title>
          <attachments/>
        </step>
        <step start="1575184114203" stop="1575184114203" status="canceled">
          <name>When I type the "Where" in google search bar and click on serach results</name>
          <title>When I type the "Where" in google search bar and click on serach results</title>
          <attachments/>
        </step>
        <step start="1575184114204" stop="1575184114204" status="canceled">
          <name>Then I should get the results page</name>
          <title>Then I should get the results page</title>
          <attachments/>
        </step>
      </steps>
      <attachments/>
      <labels>
        <label name="severity" value="normal"/>
        <label name="thread" value="70309936049680"/>
        <label name="host" value="Naresh-Sekar"/>
        <label name="feature" value="Search for a term in google search"/>
        <label name="story" value="Multiple search items in google using scenario outline: Where"/>
      </labels>
      <parameters/>
    </test-case>
  </test-cases>
  <labels>
    <label name="severity" value="normal"/>
    <label name="thread" value="70309936049680"/>
    <label name="host" value="Naresh-Sekar"/>
  </labels>
</ns2:test-suite>
